2007.02.27 10:47 B C:\Documents and Settings\whliao\My Documents\Spring 2007\ds2006\AHDL3-5.ppt <-- cherry /home1/teachers2/whliao/public_html/ds2006 AHDL3-5.ppt
2007.02.27 10:47 B C:\Documents and Settings\whliao\My Documents\Spring 2007\ds2006\AHDL6-7.ppt <-- cherry /home1/teachers2/whliao/public_html/ds2006 AHDL6-7.ppt
2007.02.27 10:47 B C:\Documents and Settings\whliao\My Documents\Spring 2007\ds2006\AHDL9.ppt <-- cherry /home1/teachers2/whliao/public_html/ds2006 AHDL9.ppt
2007.02.27 10:47 B C:\Documents and Settings\whliao\My Documents\Spring 2007\ds2006\BookExamples.zip <-- cherry /home1/teachers2/whliao/public_html/ds2006 BookExamples.zip
2007.02.27 10:47 B C:\Documents and Settings\whliao\My Documents\Spring 2007\ds2006\CH05.pps <-- cherry /home1/teachers2/whliao/public_html/ds2006 CH05.pps
2007.02.27 10:47 B C:\Documents and Settings\whliao\My Documents\Spring 2007\ds2006\cm_usermanual.pdf <-- cherry /home1/teachers2/whliao/public_html/ds2006 cm_usermanual.pdf
2007.02.27 10:47 B C:\Documents and Settings\whliao\My Documents\Spring 2007\ds2006\cmstudnt.exe <-- cherry /home1/teachers2/whliao/public_html/ds2006 cmstudnt.exe
2007.02.27 10:47 B C:\Documents and Settings\whliao\My Documents\Spring 2007\ds2006\ds1.ppt <-- cherry /home1/teachers2/whliao/public_html/ds2006 ds1.ppt
2007.02.27 10:47 B C:\Documents and Settings\whliao\My Documents\Spring 2007\ds2006\ds11.ppt <-- cherry /home1/teachers2/whliao/public_html/ds2006 ds11.ppt
2007.02.27 10:47 B C:\Documents and Settings\whliao\My Documents\Spring 2007\ds2006\ds12.ppt <-- cherry /home1/teachers2/whliao/public_html/ds2006 ds12.ppt
2007.02.27 10:47 B C:\Documents and Settings\whliao\My Documents\Spring 2007\ds2006\ds2.ppt <-- cherry /home1/teachers2/whliao/public_html/ds2006 ds2.ppt
2007.02.27 10:47 B C:\Documents and Settings\whliao\My Documents\Spring 2007\ds2006\ds2005final.doc <-- cherry /home1/teachers2/whliao/public_html/ds2006 ds2005final.doc
2007.02.27 10:47 B C:\Documents and Settings\whliao\My Documents\Spring 2007\ds2006\ds2005review.pdf <-- cherry /home1/teachers2/whliao/public_html/ds2006 ds2005review.pdf
2007.02.27 10:47 B C:\Documents and Settings\whliao\My Documents\Spring 2007\ds2006\ds2006.html <-- cherry /home1/teachers2/whliao/public_html/ds2006 ds2006.html
2007.02.27 10:47 B C:\Documents and Settings\whliao\My Documents\Spring 2007\ds2006\ds2006finalgrade.htm <-- cherry /home1/teachers2/whliao/public_html/ds2006 ds2006finalgrade.htm
2007.02.27 10:47 B C:\Documents and Settings\whliao\My Documents\Spring 2007\ds2006\ds2006grade.htm <-- cherry /home1/teachers2/whliao/public_html/ds2006 ds2006grade.htm
2007.02.27 10:47 B C:\Documents and Settings\whliao\My Documents\Spring 2007\ds2006\ds2006review.pdf <-- cherry /home1/teachers2/whliao/public_html/ds2006 ds2006review.pdf
2007.02.27 10:47 B C:\Documents and Settings\whliao\My Documents\Spring 2007\ds2006\ds3.ppt <-- cherry /home1/teachers2/whliao/public_html/ds2006 ds3.ppt
2007.02.27 10:47 B C:\Documents and Settings\whliao\My Documents\Spring 2007\ds2006\ds4a.ppt <-- cherry /home1/teachers2/whliao/public_html/ds2006 ds4a.ppt
2007.02.27 10:47 B C:\Documents and Settings\whliao\My Documents\Spring 2007\ds2006\ds4b.ppt <-- cherry /home1/teachers2/whliao/public_html/ds2006 ds4b.ppt
2007.02.27 10:48 B C:\Documents and Settings\whliao\My Documents\Spring 2007\ds2006\ds51.ppt <-- cherry /home1/teachers2/whliao/public_html/ds2006 ds51.ppt
2007.02.27 10:48 B C:\Documents and Settings\whliao\My Documents\Spring 2007\ds2006\ds52.ppt <-- cherry /home1/teachers2/whliao/public_html/ds2006 ds52.ppt
2007.02.27 10:48 B C:\Documents and Settings\whliao\My Documents\Spring 2007\ds2006\ds6.ppt <-- cherry /home1/teachers2/whliao/public_html/ds2006 ds6.ppt
2007.02.27 10:48 B C:\Documents and Settings\whliao\My Documents\Spring 2007\ds2006\ds71.ppt <-- cherry /home1/teachers2/whliao/public_html/ds2006 ds71.ppt
2007.02.27 10:48 B C:\Documents and Settings\whliao\My Documents\Spring 2007\ds2006\ds72.ppt <-- cherry /home1/teachers2/whliao/public_html/ds2006 ds72.ppt
2007.02.27 10:48 B C:\Documents and Settings\whliao\My Documents\Spring 2007\ds2006\ds8.ppt <-- cherry /home1/teachers2/whliao/public_html/ds2006 ds8.ppt
2007.02.27 10:48 B C:\Documents and Settings\whliao\My Documents\Spring 2007\ds2006\ds9.ppt <-- cherry /home1/teachers2/whliao/public_html/ds2006 ds9.ppt
2007.02.27 10:48 B C:\Documents and Settings\whliao\My Documents\Spring 2007\ds2006\dslab2006.htm <-- cherry /home1/teachers2/whliao/public_html/ds2006 dslab2006.htm
2007.02.27 10:48 B C:\Documents and Settings\whliao\My Documents\Spring 2007\ds2006\FIG9-77.ppt <-- cherry /home1/teachers2/whliao/public_html/ds2006 FIG9-77.ppt
2007.02.27 10:48 B C:\Documents and Settings\whliao\My Documents\Spring 2007\ds2006\index.html <-- cherry /home1/teachers2/whliao/public_html/ds2006 index.html
2007.02.27 10:48 B C:\Documents and Settings\whliao\My Documents\Spring 2007\ds2006\transistor.pdf <-- cherry /home1/teachers2/whliao/public_html/ds2006 transistor.pdf
2007.02.27 11:17 B C:\Documents and Settings\whliao\My Documents\Spring 2007\ds2007\AHDL3-5.ppt --> cherry.cs.nccu.edu.tw /home1/teachers2/whliao/public_html/ds2007 AHDL3-5.ppt
2007.02.27 11:17 B C:\Documents and Settings\whliao\My Documents\Spring 2007\ds2007\AHDL6-7.ppt --> cherry.cs.nccu.edu.tw /home1/teachers2/whliao/public_html/ds2007 AHDL6-7.ppt
2007.02.27 11:17 B C:\Documents and Settings\whliao\My Documents\Spring 2007\ds2007\AHDL9.ppt --> cherry.cs.nccu.edu.tw /home1/teachers2/whliao/public_html/ds2007 AHDL9.ppt
2007.02.27 11:17 B C:\Documents and Settings\whliao\My Documents\Spring 2007\ds2007\BookExamples.zip --> cherry.cs.nccu.edu.tw /home1/teachers2/whliao/public_html/ds2007 BookExamples.zip
2007.02.27 11:17 B C:\Documents and Settings\whliao\My Documents\Spring 2007\ds2007\CH05.pps --> cherry.cs.nccu.edu.tw /home1/teachers2/whliao/public_html/ds2007 CH05.pps
2007.02.27 11:17 B C:\Documents and Settings\whliao\My Documents\Spring 2007\ds2007\cm_usermanual.pdf --> cherry.cs.nccu.edu.tw /home1/teachers2/whliao/public_html/ds2007 cm_usermanual.pdf
2007.02.27 11:17 B C:\Documents and Settings\whliao\My Documents\Spring 2007\ds2007\cmstudnt.exe --> cherry.cs.nccu.edu.tw /home1/teachers2/whliao/public_html/ds2007 cmstudnt.exe
2007.02.27 11:17 B C:\Documents and Settings\whliao\My Documents\Spring 2007\ds2007\ds1.ppt --> cherry.cs.nccu.edu.tw /home1/teachers2/whliao/public_html/ds2007 ds1.ppt
2007.02.27 11:18 B C:\Documents and Settings\whliao\My Documents\Spring 2007\ds2007\ds11.ppt --> cherry.cs.nccu.edu.tw /home1/teachers2/whliao/public_html/ds2007 ds11.ppt
2007.02.27 11:18 B C:\Documents and Settings\whliao\My Documents\Spring 2007\ds2007\ds12.ppt --> cherry.cs.nccu.edu.tw /home1/teachers2/whliao/public_html/ds2007 ds12.ppt
2007.02.27 11:18 B C:\Documents and Settings\whliao\My Documents\Spring 2007\ds2007\ds2.ppt --> cherry.cs.nccu.edu.tw /home1/teachers2/whliao/public_html/ds2007 ds2.ppt
2007.02.27 11:18 B C:\Documents and Settings\whliao\My Documents\Spring 2007\ds2007\ds2005final.doc --> cherry.cs.nccu.edu.tw /home1/teachers2/whliao/public_html/ds2007 ds2005final.doc
2007.02.27 11:18 B C:\Documents and Settings\whliao\My Documents\Spring 2007\ds2007\ds2005review.pdf --> cherry.cs.nccu.edu.tw /home1/teachers2/whliao/public_html/ds2007 ds2005review.pdf
2007.02.27 11:18 B C:\Documents and Settings\whliao\My Documents\Spring 2007\ds2007\ds2006finalgrade.htm --> cherry.cs.nccu.edu.tw /home1/teachers2/whliao/public_html/ds2007 ds2006finalgrade.htm
2007.02.27 11:18 B C:\Documents and Settings\whliao\My Documents\Spring 2007\ds2007\ds2006grade.htm --> cherry.cs.nccu.edu.tw /home1/teachers2/whliao/public_html/ds2007 ds2006grade.htm
2007.02.27 11:18 B C:\Documents and Settings\whliao\My Documents\Spring 2007\ds2007\ds2006review.pdf --> cherry.cs.nccu.edu.tw /home1/teachers2/whliao/public_html/ds2007 ds2006review.pdf
2007.02.27 11:18 B C:\Documents and Settings\whliao\My Documents\Spring 2007\ds2007\ds2007.html --> cherry.cs.nccu.edu.tw /home1/teachers2/whliao/public_html/ds2007 ds2007.html
2007.02.27 11:18 B C:\Documents and Settings\whliao\My Documents\Spring 2007\ds2007\ds3.ppt --> cherry.cs.nccu.edu.tw /home1/teachers2/whliao/public_html/ds2007 ds3.ppt
2007.02.27 11:18 B C:\Documents and Settings\whliao\My Documents\Spring 2007\ds2007\ds4a.ppt --> cherry.cs.nccu.edu.tw /home1/teachers2/whliao/public_html/ds2007 ds4a.ppt
2007.02.27 11:18 B C:\Documents and Settings\whliao\My Documents\Spring 2007\ds2007\ds4b.ppt --> cherry.cs.nccu.edu.tw /home1/teachers2/whliao/public_html/ds2007 ds4b.ppt
2007.02.27 11:19 B C:\Documents and Settings\whliao\My Documents\Spring 2007\ds2007\ds51.ppt --> cherry.cs.nccu.edu.tw /home1/teachers2/whliao/public_html/ds2007 ds51.ppt
2007.02.27 11:19 B C:\Documents and Settings\whliao\My Documents\Spring 2007\ds2007\ds52.ppt --> cherry.cs.nccu.edu.tw /home1/teachers2/whliao/public_html/ds2007 ds52.ppt
2007.02.27 11:19 B C:\Documents and Settings\whliao\My Documents\Spring 2007\ds2007\ds6.ppt --> cherry.cs.nccu.edu.tw /home1/teachers2/whliao/public_html/ds2007 ds6.ppt
2007.02.27 11:19 B C:\Documents and Settings\whliao\My Documents\Spring 2007\ds2007\ds71.ppt --> cherry.cs.nccu.edu.tw /home1/teachers2/whliao/public_html/ds2007 ds71.ppt
2007.02.27 11:19 B C:\Documents and Settings\whliao\My Documents\Spring 2007\ds2007\ds72.ppt --> cherry.cs.nccu.edu.tw /home1/teachers2/whliao/public_html/ds2007 ds72.ppt
2007.02.27 11:20 B C:\Documents and Settings\whliao\My Documents\Spring 2007\ds2007\ds8.ppt --> cherry.cs.nccu.edu.tw /home1/teachers2/whliao/public_html/ds2007 ds8.ppt
2007.02.27 11:20 B C:\Documents and Settings\whliao\My Documents\Spring 2007\ds2007\ds9.ppt --> cherry.cs.nccu.edu.tw /home1/teachers2/whliao/public_html/ds2007 ds9.ppt
2007.02.27 11:20 B C:\Documents and Settings\whliao\My Documents\Spring 2007\ds2007\dslab2006.htm --> cherry.cs.nccu.edu.tw /home1/teachers2/whliao/public_html/ds2007 dslab2006.htm
2007.02.27 11:20 B C:\Documents and Settings\whliao\My Documents\Spring 2007\ds2007\FIG9-77.ppt --> cherry.cs.nccu.edu.tw /home1/teachers2/whliao/public_html/ds2007 FIG9-77.ppt
2007.02.27 11:20 B C:\Documents and Settings\whliao\My Documents\Spring 2007\ds2007\index.htm --> cherry.cs.nccu.edu.tw /home1/teachers2/whliao/public_html/ds2007 index.htm
2007.02.27 11:20 B C:\Documents and Settings\whliao\My Documents\Spring 2007\ds2007\transistor.pdf --> cherry.cs.nccu.edu.tw /home1/teachers2/whliao/public_html/ds2007 transistor.pdf
2007.02.27 11:20 B C:\Documents and Settings\whliao\My Documents\Spring 2007\ds2007\WS_FTP.LOG --> cherry.cs.nccu.edu.tw /home1/teachers2/whliao/public_html/ds2007 WS_FTP.LOG
2007.03.07 12:24 B C:\Documents and Settings\whliao\My Documents\Spring 2007\ds2007\ds2007.html --> cherry.cs.nccu.edu.tw /home1/teachers2/whliao/public_html/ds2007 ds2007.html
2007.03.07 12:24 B C:\Documents and Settings\whliao\My Documents\Spring 2007\ds2007\ds2007.csv --> cherry.cs.nccu.edu.tw /home1/teachers2/whliao/public_html/ds2007 ds2007.csv
2007.03.07 12:30 B C:\Documents and Settings\whliao\My Documents\Spring 2007\ds2007\index.htm --> cherry.cs.nccu.edu.tw /home1/teachers2/whliao/public_html/ds2007 index.htm
2007.03.13 00:48 B C:\Documents and Settings\whliao\My Documents\Spring 2007\ds2007\ds2.ppt --> cherry.cs.nccu.edu.tw /home1/teachers2/whliao/public_html/ds2007 ds2.ppt
2007.03.13 00:48 B C:\Documents and Settings\whliao\My Documents\Spring 2007\ds2007\ds2.ppt --> cherry.cs.nccu.edu.tw /home1/teachers2/whliao/public_html/ds2007 ds2.ppt
2007.04.22 22:58 B C:\Documents and Settings\whliao\My Documents\Spring 2007\ds2007\计歙t参戳いσ95.doc <-- cherry /home1/teachers2/whliao/0406 计歙t参戳いσ95.doc
2007.04.23 10:26 B C:\Documents and Settings\whliao\My Documents\Spring 2007\ds2007\计歙t参戳いσ96.doc --> cherry.cs.nccu.edu.tw /home1/teachers2/whliao/exam 计歙t参戳いσ96.doc
2007.04.24 03:22 B C:\Documents and Settings\whliao\My Documents\Spring 2007\ds2007\计歙t参戳いσ.doc <-- cherry /home1/teachers2/whliao/exam 计歙t参戳いσ.doc
2007.04.24 03:22 B C:\Documents and Settings\whliao\My Documents\Spring 2007\ds2007\计歙t参戳いσ92.doc <-- cherry /home1/teachers2/whliao/exam 计歙t参戳いσ92.doc
2007.04.24 03:22 B C:\Documents and Settings\whliao\My Documents\Spring 2007\ds2007\计歙t参戳いσ93.doc <-- cherry /home1/teachers2/whliao/exam 计歙t参戳いσ93.doc
2007.04.24 03:22 B C:\Documents and Settings\whliao\My Documents\Spring 2007\ds2007\计歙t参戳いσ94.doc <-- cherry /home1/teachers2/whliao/exam 计歙t参戳いσ94.doc
2007.04.24 04:01 B C:\Documents and Settings\whliao\My Documents\Spring 2007\ds2007\计歙t参戳いσ96.doc --> cherry.cs.nccu.edu.tw /home1/teachers2/whliao/exam 计歙t参戳いσ96.doc
2007.06.26 21:18 B C:\Documents and Settings\whliao\My Documents\Spring 2007\ds2007\计歙t参戳ソσ.doc <-- cherry /home1/teachers2/whliao/exam/DS2003 计歙t参戳ソσ.doc
2007.06.26 21:19 B C:\Documents and Settings\whliao\My Documents\Spring 2007\ds2007\计歙t参戳ソσ91.doc <-- cherry /home1/teachers2/whliao/exam/DS2003 计歙t参戳ソσ91.doc
2007.06.26 21:21 B C:\Documents and Settings\whliao\My Documents\Spring 2007\ds2007\计歙t参戳ソσ92.doc <-- cherry /home1/teachers2/whliao/exam/DS2003 计歙t参戳ソσ92.doc
2007.06.26 21:28 B C:\Documents and Settings\whliao\My Documents\Spring 2007\ds2007\计歙t参戳ソσ93.doc <-- cherry /home1/teachers2/whliao 计歙t参戳ソσ93.doc
2008.02.18 12:18 B C:\Documents and Settings\whliao\My Documents\Spring 2008\ds2008\index.htm --> cherry.cs.nccu.edu.tw /public_html/ds2008 index.htm
2008.02.18 12:21 B C:\Documents and Settings\whliao\My Documents\Spring 2008\ds2008\index.htm --> cherry.cs.nccu.edu.tw /public_html/ds2008 index.htm
2008.02.18 12:21 B C:\Documents and Settings\whliao\My Documents\Spring 2008\ds2008\BookExamples.zip --> cherry.cs.nccu.edu.tw /public_html/ds2008 BookExamples.zip
2008.02.18 12:22 B C:\Documents and Settings\whliao\My Documents\Spring 2008\ds2008\cm_usermanual.pdf --> cherry.cs.nccu.edu.tw /public_html/ds2008 cm_usermanual.pdf
2008.02.18 12:23 B C:\Documents and Settings\whliao\My Documents\Spring 2008\ds2008\cmstudnt.exe --> cherry.cs.nccu.edu.tw /public_html/ds2008 cmstudnt.exe
2008.02.18 12:23 B C:\Documents and Settings\whliao\My Documents\Spring 2008\ds2008\ds1.ppt --> cherry.cs.nccu.edu.tw /public_html/ds2008 ds1.ppt
2008.02.18 12:23 B C:\Documents and Settings\whliao\My Documents\Spring 2008\ds2008\ds2.ppt --> cherry.cs.nccu.edu.tw /public_html/ds2008 ds2.ppt
2008.02.18 12:23 B C:\Documents and Settings\whliao\My Documents\Spring 2008\ds2008\ds2008.html --> cherry.cs.nccu.edu.tw /public_html/ds2008 ds2008.html
2008.02.18 12:24 B C:\Documents and Settings\whliao\My Documents\Spring 2008\ds2008\ds3.ppt --> cherry.cs.nccu.edu.tw /public_html/ds2008 ds3.ppt
2008.02.18 12:25 B C:\Documents and Settings\whliao\My Documents\Spring 2008\ds2008\ds4a.ppt --> cherry.cs.nccu.edu.tw /public_html/ds2008 ds4a.ppt
2008.02.18 12:26 B C:\Documents and Settings\whliao\My Documents\Spring 2008\ds2008\ds4b.ppt --> cherry.cs.nccu.edu.tw /public_html/ds2008 ds4b.ppt
2008.02.18 12:26 B C:\Documents and Settings\whliao\My Documents\Spring 2008\ds2008\ds51.ppt --> cherry.cs.nccu.edu.tw /public_html/ds2008 ds51.ppt
2008.02.18 12:28 B C:\Documents and Settings\whliao\My Documents\Spring 2008\ds2008\ds52.ppt --> cherry.cs.nccu.edu.tw /public_html/ds2008 ds52.ppt
2008.02.21 07:40 B C:\Documents and Settings\whliao\My Documents\Spring 2008\ds2008\index.htm --> cherry.cs.nccu.edu.tw /public_html/ds2008 index.htm
2008.02.21 07:42 B C:\Documents and Settings\whliao\My Documents\Spring 2008\ds2008\AHDL3-5.ppt --> cherry.cs.nccu.edu.tw /public_html/ds2008 AHDL3-5.ppt
2008.02.21 07:43 B C:\Documents and Settings\whliao\My Documents\Spring 2008\ds2008\AHDL6-7.ppt --> cherry.cs.nccu.edu.tw /public_html/ds2008 AHDL6-7.ppt
2008.02.21 07:43 B C:\Documents and Settings\whliao\My Documents\Spring 2008\ds2008\AHDL9.ppt --> cherry.cs.nccu.edu.tw /public_html/ds2008 AHDL9.ppt
2008.02.21 07:44 B C:\Documents and Settings\whliao\My Documents\Spring 2008\ds2008\ds11.ppt --> cherry.cs.nccu.edu.tw /public_html/ds2008 ds11.ppt
2008.02.21 07:45 B C:\Documents and Settings\whliao\My Documents\Spring 2008\ds2008\ds12.ppt --> cherry.cs.nccu.edu.tw /public_html/ds2008 ds12.ppt
2008.02.21 07:45 B C:\Documents and Settings\whliao\My Documents\Spring 2008\ds2008\ds6.ppt --> cherry.cs.nccu.edu.tw /public_html/ds2008 ds6.ppt
2008.02.21 07:46 B C:\Documents and Settings\whliao\My Documents\Spring 2008\ds2008\ds71.ppt --> cherry.cs.nccu.edu.tw /public_html/ds2008 ds71.ppt
2008.02.21 07:47 B C:\Documents and Settings\whliao\My Documents\Spring 2008\ds2008\ds72.ppt --> cherry.cs.nccu.edu.tw /public_html/ds2008 ds72.ppt
2008.02.21 07:47 B C:\Documents and Settings\whliao\My Documents\Spring 2008\ds2008\ds8.ppt --> cherry.cs.nccu.edu.tw /public_html/ds2008 ds8.ppt
2008.02.21 07:49 B C:\Documents and Settings\whliao\My Documents\Spring 2008\ds2008\ds9.ppt --> cherry.cs.nccu.edu.tw /public_html/ds2008 ds9.ppt
2008.02.21 07:49 B C:\Documents and Settings\whliao\My Documents\Spring 2008\ds2008\transistor.pdf --> cherry.cs.nccu.edu.tw /public_html/ds2008 transistor.pdf
2008.06.11 02:25 B C:\Documents and Settings\whliao\My Documents\Spring 2008\ds2008\ds13.ppt --> cherry.cs.nccu.edu.tw /public_html/ds2008 ds13.ppt
2008.06.11 02:25 B C:\Documents and Settings\whliao\My Documents\Spring 2008\ds2008\index.htm <-- cherry.cs.nccu.edu.tw /public_html/ds2008 index.htm
2008.06.11 02:28 B C:\Documents and Settings\whliao\My Documents\Spring 2008\ds2008\index.htm --> cherry.cs.nccu.edu.tw /public_html/ds2008 index.htm
2008.06.13 01:15 B C:\Documents and Settings\whliao\My Documents\Spring 2008\ds2008\index.htm --> cherry.cs.nccu.edu.tw /public_html/ds2008 index.htm
2008.06.27 13:48 B C:\Documents and Settings\whliao\My Documents\Spring 2008\ds2008\index.htm <-- cherry.cs.nccu.edu.tw /public_html/ds2008 index.htm
2008.06.27 13:51 B C:\Documents and Settings\whliao\My Documents\Spring 2008\ds2008\index.htm --> cherry.cs.nccu.edu.tw /public_html/ds2008 index.htm
2008.06.27 13:59 B C:\Documents and Settings\whliao\My Documents\Spring 2008\ds2008\ds2008finalscore.htm --> cherry.cs.nccu.edu.tw /public_html/ds2008 ds2008finalscore.htm
2008.06.27 13:59 B C:\Documents and Settings\whliao\My Documents\Spring 2008\ds2008\dslab2008finalscore.htm --> cherry.cs.nccu.edu.tw /public_html/ds2008 dslab2008finalscore.htm
