052 Meowth     103 56  82
014 Kakuna     100 69  640
029 NidoranO   98  3   152
033 Nidorino   91  100 922
001 Bulbasaur  90  94  916
021 Spearow    89  63  871
367 Huntail    88  20  342
133 Eevee      82  67  1052
043 Oddish     81  104 806
126 Magmar     81  46  483
183 Marill     80  68  113
107 Hitmonchan 79  74  101
147 Dratini    79  64  426
130 Gyarados   76  30  937
148 Dragonair  74  66  193
098 Krabby     73  12  995
163 Hoothoot   72  52  550
045 Vileplume  68  45  853
305 Lairon     68  18  457
145 Zapdos     65  98  862
265 Wurmple    65  49  121
070 Weepinbell 61  87  273
005 Charmeleon 57  23  634
206 Dunsparce  49  10  207
297 Hariyama   48  43  377
059 Arcanine   46  76  428
073 Tentacruel 41  80  696
312 Minun      37  40  595
353 Shuppet    35  8   383
175 Togepi     31  26  210
363 Spheal     28  76  781
216 Teddiursa  26  79  446
213 Shuckle    25  28  331
338 Solrock    22  32  796
048 Venonat    16  54  1045
024 Arbok      15  79  862
089 Muk        15  73  828
055 Golduck    15  25  861
079 Slowpoke   10  18  104
