    0
   1 2
  3 4 5
 6 7 8 9
A B C D E
    X
   X 2
  X 4 5
 6 7 8 9
A B C D E
White makes an invalid move!
    X
   X X
  X 4 X
 6 7 8 9
A B C D E
    X
   X X
  X 4 X
 X X X 9
A B C D E
White makes an invalid move!
White makes an invalid move!
    X
   X X
  X 4 X
 X X X X
A B C D X
    X
   X X
  X 4 X
 X X X X
A X X D X
    X
   X X
  X X X
 X X X X
A X X D X
Black makes an invalid move!
    X
   X X
  X X X
 X X X X
X X X D X
White makes an invalid move!
White makes an invalid move!
    X
   X X
  X X X
 X X X X
X X X X X
Black wins!