2007.02.27 10:47 B C:\Documents and Settings\whliao\My Documents\Spring 2007\ds2006\AHDL3-5.ppt <-- cherry /home1/teachers2/whliao/public_html/ds2006 AHDL3-5.ppt
2007.02.27 10:47 B C:\Documents and Settings\whliao\My Documents\Spring 2007\ds2006\AHDL6-7.ppt <-- cherry /home1/teachers2/whliao/public_html/ds2006 AHDL6-7.ppt
2007.02.27 10:47 B C:\Documents and Settings\whliao\My Documents\Spring 2007\ds2006\AHDL9.ppt <-- cherry /home1/teachers2/whliao/public_html/ds2006 AHDL9.ppt
2007.02.27 10:47 B C:\Documents and Settings\whliao\My Documents\Spring 2007\ds2006\BookExamples.zip <-- cherry /home1/teachers2/whliao/public_html/ds2006 BookExamples.zip
2007.02.27 10:47 B C:\Documents and Settings\whliao\My Documents\Spring 2007\ds2006\CH05.pps <-- cherry /home1/teachers2/whliao/public_html/ds2006 CH05.pps
2007.02.27 10:47 B C:\Documents and Settings\whliao\My Documents\Spring 2007\ds2006\cm_usermanual.pdf <-- cherry /home1/teachers2/whliao/public_html/ds2006 cm_usermanual.pdf
2007.02.27 10:47 B C:\Documents and Settings\whliao\My Documents\Spring 2007\ds2006\cmstudnt.exe <-- cherry /home1/teachers2/whliao/public_html/ds2006 cmstudnt.exe
2007.02.27 10:47 B C:\Documents and Settings\whliao\My Documents\Spring 2007\ds2006\ds1.ppt <-- cherry /home1/teachers2/whliao/public_html/ds2006 ds1.ppt
2007.02.27 10:47 B C:\Documents and Settings\whliao\My Documents\Spring 2007\ds2006\ds11.ppt <-- cherry /home1/teachers2/whliao/public_html/ds2006 ds11.ppt
2007.02.27 10:47 B C:\Documents and Settings\whliao\My Documents\Spring 2007\ds2006\ds12.ppt <-- cherry /home1/teachers2/whliao/public_html/ds2006 ds12.ppt
2007.02.27 10:47 B C:\Documents and Settings\whliao\My Documents\Spring 2007\ds2006\ds2.ppt <-- cherry /home1/teachers2/whliao/public_html/ds2006 ds2.ppt
2007.02.27 10:47 B C:\Documents and Settings\whliao\My Documents\Spring 2007\ds2006\ds2005final.doc <-- cherry /home1/teachers2/whliao/public_html/ds2006 ds2005final.doc
2007.02.27 10:47 B C:\Documents and Settings\whliao\My Documents\Spring 2007\ds2006\ds2005review.pdf <-- cherry /home1/teachers2/whliao/public_html/ds2006 ds2005review.pdf
2007.02.27 10:47 B C:\Documents and Settings\whliao\My Documents\Spring 2007\ds2006\ds2006.html <-- cherry /home1/teachers2/whliao/public_html/ds2006 ds2006.html
2007.02.27 10:47 B C:\Documents and Settings\whliao\My Documents\Spring 2007\ds2006\ds2006finalgrade.htm <-- cherry /home1/teachers2/whliao/public_html/ds2006 ds2006finalgrade.htm
2007.02.27 10:47 B C:\Documents and Settings\whliao\My Documents\Spring 2007\ds2006\ds2006grade.htm <-- cherry /home1/teachers2/whliao/public_html/ds2006 ds2006grade.htm
2007.02.27 10:47 B C:\Documents and Settings\whliao\My Documents\Spring 2007\ds2006\ds2006review.pdf <-- cherry /home1/teachers2/whliao/public_html/ds2006 ds2006review.pdf
2007.02.27 10:47 B C:\Documents and Settings\whliao\My Documents\Spring 2007\ds2006\ds3.ppt <-- cherry /home1/teachers2/whliao/public_html/ds2006 ds3.ppt
2007.02.27 10:47 B C:\Documents and Settings\whliao\My Documents\Spring 2007\ds2006\ds4a.ppt <-- cherry /home1/teachers2/whliao/public_html/ds2006 ds4a.ppt
2007.02.27 10:47 B C:\Documents and Settings\whliao\My Documents\Spring 2007\ds2006\ds4b.ppt <-- cherry /home1/teachers2/whliao/public_html/ds2006 ds4b.ppt
2007.02.27 10:48 B C:\Documents and Settings\whliao\My Documents\Spring 2007\ds2006\ds51.ppt <-- cherry /home1/teachers2/whliao/public_html/ds2006 ds51.ppt
2007.02.27 10:48 B C:\Documents and Settings\whliao\My Documents\Spring 2007\ds2006\ds52.ppt <-- cherry /home1/teachers2/whliao/public_html/ds2006 ds52.ppt
2007.02.27 10:48 B C:\Documents and Settings\whliao\My Documents\Spring 2007\ds2006\ds6.ppt <-- cherry /home1/teachers2/whliao/public_html/ds2006 ds6.ppt
2007.02.27 10:48 B C:\Documents and Settings\whliao\My Documents\Spring 2007\ds2006\ds71.ppt <-- cherry /home1/teachers2/whliao/public_html/ds2006 ds71.ppt
2007.02.27 10:48 B C:\Documents and Settings\whliao\My Documents\Spring 2007\ds2006\ds72.ppt <-- cherry /home1/teachers2/whliao/public_html/ds2006 ds72.ppt
2007.02.27 10:48 B C:\Documents and Settings\whliao\My Documents\Spring 2007\ds2006\ds8.ppt <-- cherry /home1/teachers2/whliao/public_html/ds2006 ds8.ppt
2007.02.27 10:48 B C:\Documents and Settings\whliao\My Documents\Spring 2007\ds2006\ds9.ppt <-- cherry /home1/teachers2/whliao/public_html/ds2006 ds9.ppt
2007.02.27 10:48 B C:\Documents and Settings\whliao\My Documents\Spring 2007\ds2006\dslab2006.htm <-- cherry /home1/teachers2/whliao/public_html/ds2006 dslab2006.htm
2007.02.27 10:48 B C:\Documents and Settings\whliao\My Documents\Spring 2007\ds2006\FIG9-77.ppt <-- cherry /home1/teachers2/whliao/public_html/ds2006 FIG9-77.ppt
2007.02.27 10:48 B C:\Documents and Settings\whliao\My Documents\Spring 2007\ds2006\index.html <-- cherry /home1/teachers2/whliao/public_html/ds2006 index.html
2007.02.27 10:48 B C:\Documents and Settings\whliao\My Documents\Spring 2007\ds2006\transistor.pdf <-- cherry /home1/teachers2/whliao/public_html/ds2006 transistor.pdf
2007.02.27 11:17 B C:\Documents and Settings\whliao\My Documents\Spring 2007\ds2007\AHDL3-5.ppt --> cherry.cs.nccu.edu.tw /home1/teachers2/whliao/public_html/ds2007 AHDL3-5.ppt
2007.02.27 11:17 B C:\Documents and Settings\whliao\My Documents\Spring 2007\ds2007\AHDL6-7.ppt --> cherry.cs.nccu.edu.tw /home1/teachers2/whliao/public_html/ds2007 AHDL6-7.ppt
2007.02.27 11:17 B C:\Documents and Settings\whliao\My Documents\Spring 2007\ds2007\AHDL9.ppt --> cherry.cs.nccu.edu.tw /home1/teachers2/whliao/public_html/ds2007 AHDL9.ppt
2007.02.27 11:17 B C:\Documents and Settings\whliao\My Documents\Spring 2007\ds2007\BookExamples.zip --> cherry.cs.nccu.edu.tw /home1/teachers2/whliao/public_html/ds2007 BookExamples.zip
2007.02.27 11:17 B C:\Documents and Settings\whliao\My Documents\Spring 2007\ds2007\CH05.pps --> cherry.cs.nccu.edu.tw /home1/teachers2/whliao/public_html/ds2007 CH05.pps
2007.02.27 11:17 B C:\Documents and Settings\whliao\My Documents\Spring 2007\ds2007\cm_usermanual.pdf --> cherry.cs.nccu.edu.tw /home1/teachers2/whliao/public_html/ds2007 cm_usermanual.pdf
2007.02.27 11:17 B C:\Documents and Settings\whliao\My Documents\Spring 2007\ds2007\cmstudnt.exe --> cherry.cs.nccu.edu.tw /home1/teachers2/whliao/public_html/ds2007 cmstudnt.exe
2007.02.27 11:17 B C:\Documents and Settings\whliao\My Documents\Spring 2007\ds2007\ds1.ppt --> cherry.cs.nccu.edu.tw /home1/teachers2/whliao/public_html/ds2007 ds1.ppt
2007.02.27 11:18 B C:\Documents and Settings\whliao\My Documents\Spring 2007\ds2007\ds11.ppt --> cherry.cs.nccu.edu.tw /home1/teachers2/whliao/public_html/ds2007 ds11.ppt
2007.02.27 11:18 B C:\Documents and Settings\whliao\My Documents\Spring 2007\ds2007\ds12.ppt --> cherry.cs.nccu.edu.tw /home1/teachers2/whliao/public_html/ds2007 ds12.ppt
2007.02.27 11:18 B C:\Documents and Settings\whliao\My Documents\Spring 2007\ds2007\ds2.ppt --> cherry.cs.nccu.edu.tw /home1/teachers2/whliao/public_html/ds2007 ds2.ppt
2007.02.27 11:18 B C:\Documents and Settings\whliao\My Documents\Spring 2007\ds2007\ds2005final.doc --> cherry.cs.nccu.edu.tw /home1/teachers2/whliao/public_html/ds2007 ds2005final.doc
2007.02.27 11:18 B C:\Documents and Settings\whliao\My Documents\Spring 2007\ds2007\ds2005review.pdf --> cherry.cs.nccu.edu.tw /home1/teachers2/whliao/public_html/ds2007 ds2005review.pdf
2007.02.27 11:18 B C:\Documents and Settings\whliao\My Documents\Spring 2007\ds2007\ds2006finalgrade.htm --> cherry.cs.nccu.edu.tw /home1/teachers2/whliao/public_html/ds2007 ds2006finalgrade.htm
2007.02.27 11:18 B C:\Documents and Settings\whliao\My Documents\Spring 2007\ds2007\ds2006grade.htm --> cherry.cs.nccu.edu.tw /home1/teachers2/whliao/public_html/ds2007 ds2006grade.htm
2007.02.27 11:18 B C:\Documents and Settings\whliao\My Documents\Spring 2007\ds2007\ds2006review.pdf --> cherry.cs.nccu.edu.tw /home1/teachers2/whliao/public_html/ds2007 ds2006review.pdf
2007.02.27 11:18 B C:\Documents and Settings\whliao\My Documents\Spring 2007\ds2007\ds2007.html --> cherry.cs.nccu.edu.tw /home1/teachers2/whliao/public_html/ds2007 ds2007.html
2007.02.27 11:18 B C:\Documents and Settings\whliao\My Documents\Spring 2007\ds2007\ds3.ppt --> cherry.cs.nccu.edu.tw /home1/teachers2/whliao/public_html/ds2007 ds3.ppt
2007.02.27 11:18 B C:\Documents and Settings\whliao\My Documents\Spring 2007\ds2007\ds4a.ppt --> cherry.cs.nccu.edu.tw /home1/teachers2/whliao/public_html/ds2007 ds4a.ppt
2007.02.27 11:18 B C:\Documents and Settings\whliao\My Documents\Spring 2007\ds2007\ds4b.ppt --> cherry.cs.nccu.edu.tw /home1/teachers2/whliao/public_html/ds2007 ds4b.ppt
2007.02.27 11:19 B C:\Documents and Settings\whliao\My Documents\Spring 2007\ds2007\ds51.ppt --> cherry.cs.nccu.edu.tw /home1/teachers2/whliao/public_html/ds2007 ds51.ppt
2007.02.27 11:19 B C:\Documents and Settings\whliao\My Documents\Spring 2007\ds2007\ds52.ppt --> cherry.cs.nccu.edu.tw /home1/teachers2/whliao/public_html/ds2007 ds52.ppt
2007.02.27 11:19 B C:\Documents and Settings\whliao\My Documents\Spring 2007\ds2007\ds6.ppt --> cherry.cs.nccu.edu.tw /home1/teachers2/whliao/public_html/ds2007 ds6.ppt
2007.02.27 11:19 B C:\Documents and Settings\whliao\My Documents\Spring 2007\ds2007\ds71.ppt --> cherry.cs.nccu.edu.tw /home1/teachers2/whliao/public_html/ds2007 ds71.ppt
2007.02.27 11:19 B C:\Documents and Settings\whliao\My Documents\Spring 2007\ds2007\ds72.ppt --> cherry.cs.nccu.edu.tw /home1/teachers2/whliao/public_html/ds2007 ds72.ppt
2007.02.27 11:20 B C:\Documents and Settings\whliao\My Documents\Spring 2007\ds2007\ds8.ppt --> cherry.cs.nccu.edu.tw /home1/teachers2/whliao/public_html/ds2007 ds8.ppt
2007.02.27 11:20 B C:\Documents and Settings\whliao\My Documents\Spring 2007\ds2007\ds9.ppt --> cherry.cs.nccu.edu.tw /home1/teachers2/whliao/public_html/ds2007 ds9.ppt
2007.02.27 11:20 B C:\Documents and Settings\whliao\My Documents\Spring 2007\ds2007\dslab2006.htm --> cherry.cs.nccu.edu.tw /home1/teachers2/whliao/public_html/ds2007 dslab2006.htm
2007.02.27 11:20 B C:\Documents and Settings\whliao\My Documents\Spring 2007\ds2007\FIG9-77.ppt --> cherry.cs.nccu.edu.tw /home1/teachers2/whliao/public_html/ds2007 FIG9-77.ppt
2007.02.27 11:20 B C:\Documents and Settings\whliao\My Documents\Spring 2007\ds2007\index.htm --> cherry.cs.nccu.edu.tw /home1/teachers2/whliao/public_html/ds2007 index.htm
2007.02.27 11:20 B C:\Documents and Settings\whliao\My Documents\Spring 2007\ds2007\transistor.pdf --> cherry.cs.nccu.edu.tw /home1/teachers2/whliao/public_html/ds2007 transistor.pdf
